satish-git-sdk/build/intermediates/manifest_merge_blame_file/debug/manifest-merger-blame-debug-report.txt
1<?xml version="1.0" encoding="utf-8"?>
2<manifest xmlns:android="http://schemas.android.com/apk/res/android"
3    package="com.msr.satish_git_sdk"
4    android:versionCode="1"
5    android:versionName="1.0" >
6
7    <uses-sdk
8        android:minSdkVersion="23"
8-->src\main\AndroidManifest.xml
9        android:targetSdkVersion="30" />
9-->src\main\AndroidManifest.xml
10
11    <uses-permission android:name="android.permission.CHANGE_NETWORK_STATE" />
11-->src\main\AndroidManifest.xml:5:5-79
11-->src\main\AndroidManifest.xml:5:22-76
12    <uses-permission android:name="android.permission.ACCESS_FINE_LOCATION" />
12-->src\main\AndroidManifest.xml:6:5-79
12-->src\main\AndroidManifest.xml:6:22-76
13    <uses-permission android:name="android.permission.ACCESS_NETWORK_STATE" />
13-->src\main\AndroidManifest.xml:7:5-79
13-->src\main\AndroidManifest.xml:7:22-76
14    <uses-permission
14-->src\main\AndroidManifest.xml:9:5-11:34
15        android:name="android.permission.ACCESS_WIFI_STATE"
15-->src\main\AndroidManifest.xml:10:9-60
16        android:required="true" />
16-->src\main\AndroidManifest.xml:11:9-32
17    <uses-permission
17-->src\main\AndroidManifest.xml:13:5-15:34
18        android:name="android.permission.CHANGE_WIFI_STATE"
18-->src\main\AndroidManifest.xml:14:9-60
19        android:required="true" />
19-->src\main\AndroidManifest.xml:15:9-32
20
21</manifest>